<?xml version="1.0" encoding="UTF-8"?>
<!-- Generated by org.testng.reporters.JUnitReportReporter -->
<testsuite hostname="DESKTOP-APMQA8S" failures="0" tests="1" name="com.dellusa1.TestRunner.TestRunnerDell" time="0.000" errors="0" timestamp="2021-07-16T16:43:53 PDT" skipped="1">
  <testcase classname="com.dellusa1.TestRunner.TestRunnerDell" name="feature" time="0.000">
    <skipped/>
  </testcase> <!-- feature -->
  <system-out/>
</testsuite> <!-- com.dellusa1.TestRunner.TestRunnerDell -->
